<?xml version="1.0" encoding="UTF-8"?>
<!-- Generated by org.testng.reporters.JUnitReportReporter -->
<testsuite hostname="Pallavi-Sadhus-MacBook-Air.local" failures="0" tests="1" name="tests.HomePageTest" time="22.791" errors="0" timestamp="2023-01-09T11:41:17 CST" skipped="0">
  <testcase classname="tests.HomePageTest" name="verifyAddToCart" time="22.791"/>
  <system-out/>
</testsuite> <!-- tests.HomePageTest -->
